13:32:10.697 [main] INFO  o.j.k.KafkaAckApplication - [logStarting,55] - Starting KafkaAckApplication using Java 1.8.0_231 on ZHNX41376 with PID 34188 (D:\code\java_study\kafka_ack\target\classes started by Administrator in D:\code\java_study\kafka_ack)
13:32:10.700 [main] INFO  o.j.k.KafkaAckApplication - [logStartupProfileInfo,645] - No active profile set, falling back to 1 default profile: "default"
13:32:11.427 [main] INFO  o.a.c.h.Http11NioProtocol - [log,173] - Initializing ProtocolHandler ["http-nio-8080"]
13:32:11.427 [main] INFO  o.a.c.c.StandardService - [log,173] - Starting service [Tomcat]
13:32:11.427 [main] INFO  o.a.c.c.StandardEngine - [log,173] - Starting Servlet engine: [Apache Tomcat/9.0.68]
13:32:11.532 [main] INFO  o.a.c.c.C.[.[.[/] - [log,173] - Initializing Spring embedded WebApplicationContext
13:32:11.697 [main] INFO  o.a.c.f.i.CuratorFrameworkImpl - [start,338] - Starting
13:32:11.701 [main] INFO  o.a.z.ZooKeeper - [logEnv,98] - Client environment:zookeeper.version=3.8.0-5a02a05eddb59aee6ac762f7ea82e92a68eb9c0f, built on 2022-02-25 08:49 UTC
13:32:11.701 [main] INFO  o.a.z.ZooKeeper - [logEnv,98] - Client environment:host.name=ZHNX41376
13:32:11.702 [main] INFO  o.a.z.ZooKeeper - [logEnv,98] - Client environment:java.version=1.8.0_231
13:32:11.702 [main] INFO  o.a.z.ZooKeeper - [logEnv,98] - Client environment:java.vendor=Oracle Corporation
13:32:11.702 [main] INFO  o.a.z.ZooKeeper - [logEnv,98] - Client environment:java.home=C:\dev\jdk\jdk1.8.0_231\jre
13:32:11.702 [main] INFO  o.a.z.ZooKeeper - [logEnv,98] - Client environment:java.class.path=C:\dev\jdk\jdk1.8.0_231\jre\lib\charsets.jar;C:\dev\jdk\jdk1.8.0_231\jre\lib\deploy.jar;C:\dev\jdk\jdk1.8.0_231\jre\lib\ext\access-bridge-64.jar;C:\dev\jdk\jdk1.8.0_231\jre\lib\ext\cldrdata.jar;C:\dev\jdk\jdk1.8.0_231\jre\lib\ext\dnsns.jar;C:\dev\jdk\jdk1.8.0_231\jre\lib\ext\jaccess.jar;C:\dev\jdk\jdk1.8.0_231\jre\lib\ext\jfxrt.jar;C:\dev\jdk\jdk1.8.0_231\jre\lib\ext\localedata.jar;C:\dev\jdk\jdk1.8.0_231\jre\lib\ext\nashorn.jar;C:\dev\jdk\jdk1.8.0_231\jre\lib\ext\sunec.jar;C:\dev\jdk\jdk1.8.0_231\jre\lib\ext\sunjce_provider.jar;C:\dev\jdk\jdk1.8.0_231\jre\lib\ext\sunmscapi.jar;C:\dev\jdk\jdk1.8.0_231\jre\lib\ext\sunpkcs11.jar;C:\dev\jdk\jdk1.8.0_231\jre\lib\ext\zipfs.jar;C:\dev\jdk\jdk1.8.0_231\jre\lib\javaws.jar;C:\dev\jdk\jdk1.8.0_231\jre\lib\jce.jar;C:\dev\jdk\jdk1.8.0_231\jre\lib\jfr.jar;C:\dev\jdk\jdk1.8.0_231\jre\lib\jfxswt.jar;C:\dev\jdk\jdk1.8.0_231\jre\lib\jsse.jar;C:\dev\jdk\jdk1.8.0_231\jre\lib\management-agent.jar;C:\dev\jdk\jdk1.8.0_231\jre\lib\plugin.jar;C:\dev\jdk\jdk1.8.0_231\jre\lib\resources.jar;C:\dev\jdk\jdk1.8.0_231\jre\lib\rt.jar;D:\code\java_study\kafka_ack\target\classes;C:\dev\maven\maven_company_repository\org\springframework\boot\spring-boot-starter-web\2.6.13\spring-boot-starter-web-2.6.13.jar;C:\dev\maven\maven_company_repository\org\springframework\boot\spring-boot-starter\2.6.13\spring-boot-starter-2.6.13.jar;C:\dev\maven\maven_company_repository\org\springframework\boot\spring-boot\2.6.13\spring-boot-2.6.13.jar;C:\dev\maven\maven_company_repository\org\springframework\boot\spring-boot-autoconfigure\2.6.13\spring-boot-autoconfigure-2.6.13.jar;C:\dev\maven\maven_company_repository\org\springframework\boot\spring-boot-starter-logging\2.6.13\spring-boot-starter-logging-2.6.13.jar;C:\dev\maven\maven_company_repository\org\apache\logging\log4j\log4j-to-slf4j\2.17.2\log4j-to-slf4j-2.17.2.jar;C:\dev\maven\maven_company_repository\org\apache\logging\log4j\log4j-api\2.17.2\log4j-api-2.17.2.jar;C:\dev\maven\maven_company_repository\org\slf4j\jul-to-slf4j\1.7.36\jul-to-slf4j-1.7.36.jar;C:\dev\maven\maven_company_repository\jakarta\annotation\jakarta.annotation-api\1.3.5\jakarta.annotation-api-1.3.5.jar;C:\dev\maven\maven_company_repository\org\yaml\snakeyaml\1.29\snakeyaml-1.29.jar;C:\dev\maven\maven_company_repository\org\springframework\boot\spring-boot-starter-json\2.6.13\spring-boot-starter-json-2.6.13.jar;C:\dev\maven\maven_company_repository\com\fasterxml\jackson\core\jackson-databind\2.13.4.2\jackson-databind-2.13.4.2.jar;C:\dev\maven\maven_company_repository\com\fasterxml\jackson\core\jackson-annotations\2.13.4\jackson-annotations-2.13.4.jar;C:\dev\maven\maven_company_repository\com\fasterxml\jackson\core\jackson-core\2.13.4\jackson-core-2.13.4.jar;C:\dev\maven\maven_company_repository\com\fasterxml\jackson\datatype\jackson-datatype-jdk8\2.13.4\jackson-datatype-jdk8-2.13.4.jar;C:\dev\maven\maven_company_repository\com\fasterxml\jackson\datatype\jackson-datatype-jsr310\2.13.4\jackson-datatype-jsr310-2.13.4.jar;C:\dev\maven\maven_company_repository\com\fasterxml\jackson\module\jackson-module-parameter-names\2.13.4\jackson-module-parameter-names-2.13.4.jar;C:\dev\maven\maven_company_repository\org\springframework\boot\spring-boot-starter-tomcat\2.6.13\spring-boot-starter-tomcat-2.6.13.jar;C:\dev\maven\maven_company_repository\org\apache\tomcat\embed\tomcat-embed-core\9.0.68\tomcat-embed-core-9.0.68.jar;C:\dev\maven\maven_company_repository\org\apache\tomcat\embed\tomcat-embed-el\9.0.68\tomcat-embed-el-9.0.68.jar;C:\dev\maven\maven_company_repository\org\apache\tomcat\embed\tomcat-embed-websocket\9.0.68\tomcat-embed-websocket-9.0.68.jar;C:\dev\maven\maven_company_repository\org\springframework\spring-web\5.3.23\spring-web-5.3.23.jar;C:\dev\maven\maven_company_repository\org\springframework\spring-beans\5.3.23\spring-beans-5.3.23.jar;C:\dev\maven\maven_company_repository\org\springframework\spring-webmvc\5.3.23\spring-webmvc-5.3.23.jar;C:\dev\maven\maven_company_repository\org\springframework\spring-aop\5.3.23\spring-aop-5.3.23.jar;C:\dev\maven\maven_company_repository\org\springframework\spring-expression\5.3.23\spring-expression-5.3.23.jar;C:\dev\maven\maven_company_repository\org\springframework\kafka\spring-kafka\2.8.10\spring-kafka-2.8.10.jar;C:\dev\maven\maven_company_repository\org\springframework\spring-context\5.3.23\spring-context-5.3.23.jar;C:\dev\maven\maven_company_repository\org\springframework\spring-messaging\5.3.23\spring-messaging-5.3.23.jar;C:\dev\maven\maven_company_repository\org\springframework\spring-tx\5.3.23\spring-tx-5.3.23.jar;C:\dev\maven\maven_company_repository\org\springframework\retry\spring-retry\1.3.4\spring-retry-1.3.4.jar;C:\dev\maven\maven_company_repository\org\apache\kafka\kafka-clients\3.0.2\kafka-clients-3.0.2.jar;C:\dev\maven\maven_company_repository\com\github\luben\zstd-jni\1.5.0-2\zstd-jni-1.5.0-2.jar;C:\dev\maven\maven_company_repository\org\lz4\lz4-java\1.7.1\lz4-java-1.7.1.jar;C:\dev\maven\maven_company_repository\org\xerial\snappy\snappy-java\1.1.8.1\snappy-java-1.1.8.1.jar;C:\dev\maven\maven_company_repository\com\google\code\findbugs\jsr305\3.0.2\jsr305-3.0.2.jar;C:\dev\maven\maven_company_repository\com\alibaba\fastjson2\fastjson2-extension-spring5\2.0.39\fastjson2-extension-spring5-2.0.39.jar;C:\dev\maven\maven_company_repository\com\alibaba\fastjson2\fastjson2-extension\2.0.39\fastjson2-extension-2.0.39.jar;C:\dev\maven\maven_company_repository\com\alibaba\fastjson2\fastjson2\2.0.39\fastjson2-2.0.39.jar;C:\dev\maven\maven_company_repository\org\apache\curator\curator-framework\5.2.1\curator-framework-5.2.1.jar;C:\dev\maven\maven_company_repository\org\apache\curator\curator-client\5.2.1\curator-client-5.2.1.jar;C:\dev\maven\maven_company_repository\com\google\guava\guava\27.0.1-jre\guava-27.0.1-jre.jar;C:\dev\maven\maven_company_repository\com\google\guava\failureaccess\1.0.1\failureaccess-1.0.1.jar;C:\dev\maven\maven_company_repository\com\google\guava\listenablefuture\9999.0-empty-to-avoid-conflict-with-guava\listenablefuture-9999.0-empty-to-avoid-conflict-with-guava.jar;C:\dev\maven\maven_company_repository\org\checkerframework\checker-qual\2.5.2\checker-qual-2.5.2.jar;C:\dev\maven\maven_company_repository\com\google\errorprone\error_prone_annotations\2.2.0\error_prone_annotations-2.2.0.jar;C:\dev\maven\maven_company_repository\com\google\j2objc\j2objc-annotations\1.1\j2objc-annotations-1.1.jar;C:\dev\maven\maven_company_repository\org\codehaus\mojo\animal-sniffer-annotations\1.17\animal-sniffer-annotations-1.17.jar;C:\dev\maven\maven_company_repository\org\apache\curator\curator-recipes\5.2.1\curator-recipes-5.2.1.jar;C:\dev\maven\maven_company_repository\org\apache\zookeeper\zookeeper\3.8.0\zookeeper-3.8.0.jar;C:\dev\maven\maven_company_repository\org\apache\zookeeper\zookeeper-jute\3.8.0\zookeeper-jute-3.8.0.jar;C:\dev\maven\maven_company_repository\org\apache\yetus\audience-annotations\0.12.0\audience-annotations-0.12.0.jar;C:\dev\maven\maven_company_repository\io\netty\netty-handler\4.1.84.Final\netty-handler-4.1.84.Final.jar;C:\dev\maven\maven_company_repository\io\netty\netty-common\4.1.84.Final\netty-common-4.1.84.Final.jar;C:\dev\maven\maven_company_repository\io\netty\netty-resolver\4.1.84.Final\netty-resolver-4.1.84.Final.jar;C:\dev\maven\maven_company_repository\io\netty\netty-buffer\4.1.84.Final\netty-buffer-4.1.84.Final.jar;C:\dev\maven\maven_company_repository\io\netty\netty-transport\4.1.84.Final\netty-transport-4.1.84.Final.jar;C:\dev\maven\maven_company_repository\io\netty\netty-transport-native-unix-common\4.1.84.Final\netty-transport-native-unix-common-4.1.84.Final.jar;C:\dev\maven\maven_company_repository\io\netty\netty-codec\4.1.84.Final\netty-codec-4.1.84.Final.jar;C:\dev\maven\maven_company_repository\io\netty\netty-tcnative\2.0.54.Final\netty-tcnative-2.0.54.Final.jar;C:\dev\maven\maven_company_repository\io\netty\netty-tcnative-classes\2.0.54.Final\netty-tcnative-classes-2.0.54.Final.jar;C:\dev\maven\maven_company_repository\io\netty\netty-transport-native-epoll\4.1.84.Final\netty-transport-native-epoll-4.1.84.Final.jar;C:\dev\maven\maven_company_repository\io\netty\netty-transport-classes-epoll\4.1.84.Final\netty-transport-classes-epoll-4.1.84.Final.jar;C:\dev\maven\maven_company_repository\org\slf4j\slf4j-api\1.7.36\slf4j-api-1.7.36.jar;C:\dev\maven\maven_company_repository\ch\qos\logback\logback-core\1.2.11\logback-core-1.2.11.jar;C:\dev\maven\maven_company_repository\ch\qos\logback\logback-classic\1.2.11\logback-classic-1.2.11.jar;C:\dev\maven\maven_company_repository\commons-io\commons-io\2.11.0\commons-io-2.11.0.jar;C:\dev\maven\maven_company_repository\org\projectlombok\lombok\1.18.24\lombok-1.18.24.jar;C:\dev\maven\maven_company_repository\org\springframework\spring-core\5.3.23\spring-core-5.3.23.jar;C:\dev\maven\maven_company_repository\org\springframework\spring-jcl\5.3.23\spring-jcl-5.3.23.jar;C:\dev\maven\maven_company_repository\org\springframework\boot\spring-boot-configuration-processor\2.6.13\spring-boot-configuration-processor-2.6.13.jar;D:\Program Files\JetBrains\IntelliJ IDEA 2023.2.5\lib\idea_rt.jar;C:\Users\Administrator\AppData\Local\JetBrains\IntelliJIdea2023.3\captureAgent\debugger-agent.jar
13:32:11.702 [main] INFO  o.a.z.ZooKeeper - [logEnv,98] - Client environment:java.library.path=C:\dev\jdk\jdk1.8.0_231\bin;C:\Windows\Sun\Java\bin;C:\Windows\system32;C:\Windows;C:\Windows\system32;C:\Windows;C:\Windows\System32\Wbem;C:\Windows\System32\WindowsPowerShell\v1.0\;C:\Windows\System32\OpenSSH\;C:\dev\jdk\jdk1.8.0_231\bin;C:\dev\jdk\jdk1.8.0_231\jre\bin;C:\dev\maven\apache-maven-3.2.2\bin;D:\Program Files\Git\cmd;C:\Users\Administrator\AppData\Roaming\nvm;D:\Program Files\nodejs;C:\dev\groovy\groovy-4.0.15\bin;C:\dev\Go\bin;D:\ProgramData\anaconda3;D:\ProgramData\anaconda3\Scripts;D:\ProgramData\anaconda3\Library\mingw-w64\bin;D:\ProgramData\anaconda3\Library\usr\bin;D:\ProgramData\anaconda3\Library\bin;C:\Program Files (x86)\cmd;C:\dev\gcc\x86_64-13.2.0-release-win32-seh-ucrt-rt_v11-rev1\bin;;C:\Program Files\Docker\Docker\resources\bin;D:\Program Files (x86)\Tencent\微信web开发者工具\dll;C:\Users\Administrator\AppData\Local\Programs\Python\Python312\Scripts\;C:\Users\Administrator\AppData\Local\Programs\Python\Python312\;C:\Users\Administrator\AppData\Local\Microsoft\WindowsApps;D:\Program Files\JetBrains\IntelliJ IDEA 2023.2.5\bin;;C:\Users\Administrator\AppData\Local\Programs\Microsoft VS Code\bin;C:\Users\Administrator\AppData\Roaming\nvm;D:\Program Files\nodejs;.
13:32:11.702 [main] INFO  o.a.z.ZooKeeper - [logEnv,98] - Client environment:java.io.tmpdir=C:\Users\Administrator\AppData\Local\Temp\
13:32:11.702 [main] INFO  o.a.z.ZooKeeper - [logEnv,98] - Client environment:java.compiler=<NA>
13:32:11.702 [main] INFO  o.a.z.ZooKeeper - [logEnv,98] - Client environment:os.name=Windows 10
13:32:11.702 [main] INFO  o.a.z.ZooKeeper - [logEnv,98] - Client environment:os.arch=amd64
13:32:11.703 [main] INFO  o.a.z.ZooKeeper - [logEnv,98] - Client environment:os.version=10.0
13:32:11.703 [main] INFO  o.a.z.ZooKeeper - [logEnv,98] - Client environment:user.name=Administrator
13:32:11.703 [main] INFO  o.a.z.ZooKeeper - [logEnv,98] - Client environment:user.home=C:\Users\Administrator
13:32:11.703 [main] INFO  o.a.z.ZooKeeper - [logEnv,98] - Client environment:user.dir=D:\code\java_study\kafka_ack
13:32:11.703 [main] INFO  o.a.z.ZooKeeper - [logEnv,98] - Client environment:os.memory.free=176MB
13:32:11.703 [main] INFO  o.a.z.ZooKeeper - [logEnv,98] - Client environment:os.memory.max=3604MB
13:32:11.703 [main] INFO  o.a.z.ZooKeeper - [logEnv,98] - Client environment:os.memory.total=209MB
13:32:11.705 [main] INFO  o.a.z.ZooKeeper - [<init>,637] - Initiating client connection, connectString=172.16.17.112:2181 sessionTimeout=60000 watcher=org.apache.curator.ConnectionState@7d21852b
13:32:11.707 [main] INFO  o.a.z.c.X509Util - [<clinit>,77] - Setting -D jdk.tls.rejectClientInitiatedRenegotiation=true to disable client-initiated TLS renegotiation
13:32:11.715 [main] INFO  o.a.z.ClientCnxnSocket - [initProperties,239] - jute.maxbuffer value is 1048575 Bytes
13:32:11.720 [main] INFO  o.a.z.ClientCnxn - [initRequestTimeout,1732] - zookeeper.request.timeout value is 0. feature enabled=false
13:32:11.724 [main-SendThread(172.16.17.112:2181)] INFO  o.a.z.ClientCnxn - [logStartConnect,1171] - Opening socket connection to server ZHNX41376/172.16.17.112:2181.
13:32:11.725 [main-SendThread(172.16.17.112:2181)] INFO  o.a.z.ClientCnxn - [logStartConnect,1173] - SASL config status: Will not attempt to authenticate using SASL (unknown error)
13:32:11.726 [main] INFO  o.a.c.f.i.CuratorFrameworkImpl - [start,386] - Default schema
13:32:11.726 [main-SendThread(172.16.17.112:2181)] INFO  o.a.z.ClientCnxn - [primeConnection,1005] - Socket connection established, initiating session, client: /172.16.17.112:54010, server: ZHNX41376/172.16.17.112:2181
13:32:11.734 [main-SendThread(172.16.17.112:2181)] INFO  o.a.z.ClientCnxn - [onConnected,1444] - Session establishment complete on server ZHNX41376/172.16.17.112:2181, session id = 0x10000ced8800007, negotiated timeout = 40000
13:32:11.739 [main-EventThread] INFO  o.a.c.f.s.ConnectionStateManager - [postState,252] - State change: CONNECTED
13:32:11.748 [main-EventThread] INFO  o.a.c.f.i.EnsembleTracker - [processConfigData,201] - New config event received: {}
13:32:11.748 [main-EventThread] INFO  o.a.c.f.i.EnsembleTracker - [processConfigData,201] - New config event received: {}
13:32:12.079 [main] INFO  o.a.k.c.a.AdminClientConfig - [logAll,376] - AdminClientConfig values: 
	bootstrap.servers = [172.16.17.112:9093]
	client.dns.lookup = use_all_dns_ips
	client.id = 
	connections.max.idle.ms = 300000
	default.api.timeout.ms = 60000
	metadata.max.age.ms = 300000
	metric.reporters = []
	metrics.num.samples = 2
	metrics.recording.level = INFO
	metrics.sample.window.ms = 30000
	receive.buffer.bytes = 65536
	reconnect.backoff.max.ms = 1000
	reconnect.backoff.ms = 50
	request.timeout.ms = 30000
	retries = 2147483647
	retry.backoff.ms = 100
	sasl.client.callback.handler.class = null
	sasl.jaas.config = null
	sasl.kerberos.kinit.cmd = /usr/bin/kinit
	sasl.kerberos.min.time.before.relogin = 60000
	sasl.kerberos.service.name = null
	sasl.kerberos.ticket.renew.jitter = 0.05
	sasl.kerberos.ticket.renew.window.factor = 0.8
	sasl.login.callback.handler.class = null
	sasl.login.class = null
	sasl.login.refresh.buffer.seconds = 300
	sasl.login.refresh.min.period.seconds = 60
	sasl.login.refresh.window.factor = 0.8
	sasl.login.refresh.window.jitter = 0.05
	sasl.mechanism = GSSAPI
	security.protocol = PLAINTEXT
	security.providers = null
	send.buffer.bytes = 131072
	socket.connection.setup.timeout.max.ms = 30000
	socket.connection.setup.timeout.ms = 10000
	ssl.cipher.suites = null
	ssl.enabled.protocols = [TLSv1.2]
	ssl.endpoint.identification.algorithm = https
	ssl.engine.factory.class = null
	ssl.key.password = null
	ssl.keymanager.algorithm = SunX509
	ssl.keystore.certificate.chain = null
	ssl.keystore.key = null
	ssl.keystore.location = null
	ssl.keystore.password = null
	ssl.keystore.type = JKS
	ssl.protocol = TLSv1.2
	ssl.provider = null
	ssl.secure.random.implementation = null
	ssl.trustmanager.algorithm = PKIX
	ssl.truststore.certificates = null
	ssl.truststore.location = null
	ssl.truststore.password = null
	ssl.truststore.type = JKS

13:32:12.111 [main] INFO  o.a.k.c.u.AppInfoParser - [<init>,119] - Kafka version: 3.0.2
13:32:12.111 [main] INFO  o.a.k.c.u.AppInfoParser - [<init>,120] - Kafka commitId: 25b1aea02e37da14
13:32:12.111 [main] INFO  o.a.k.c.u.AppInfoParser - [<init>,121] - Kafka startTimeMs: 1706592732110
13:32:12.331 [kafka-admin-client-thread | adminclient-1] INFO  o.a.k.c.u.AppInfoParser - [unregisterAppInfo,83] - App info kafka.admin.client for adminclient-1 unregistered
13:32:12.336 [kafka-admin-client-thread | adminclient-1] INFO  o.a.k.c.m.Metrics - [close,659] - Metrics scheduler closed
13:32:12.336 [kafka-admin-client-thread | adminclient-1] INFO  o.a.k.c.m.Metrics - [close,663] - Closing reporter org.apache.kafka.common.metrics.JmxReporter
13:32:12.336 [kafka-admin-client-thread | adminclient-1] INFO  o.a.k.c.m.Metrics - [close,669] - Metrics reporters closed
13:32:12.362 [main] INFO  o.a.k.c.c.ConsumerConfig - [logAll,376] - ConsumerConfig values: 
	allow.auto.create.topics = true
	auto.commit.interval.ms = 5000
	auto.offset.reset = latest
	bootstrap.servers = [172.16.17.112:9093]
	check.crcs = true
	client.dns.lookup = use_all_dns_ips
	client.id = consumer-listenerGroup1-1
	client.rack = 
	connections.max.idle.ms = 540000
	default.api.timeout.ms = 60000
	enable.auto.commit = false
	exclude.internal.topics = true
	fetch.max.bytes = 52428800
	fetch.max.wait.ms = 500
	fetch.min.bytes = 1
	group.id = listenerGroup1
	group.instance.id = null
	heartbeat.interval.ms = 3000
	interceptor.classes = []
	internal.leave.group.on.close = true
	internal.throw.on.fetch.stable.offset.unsupported = false
	isolation.level = read_uncommitted
	key.deserializer = class org.apache.kafka.common.serialization.StringDeserializer
	max.partition.fetch.bytes = 1048576
	max.poll.interval.ms = 300000
	max.poll.records = 500
	metadata.max.age.ms = 300000
	metric.reporters = []
	metrics.num.samples = 2
	metrics.recording.level = INFO
	metrics.sample.window.ms = 30000
	partition.assignment.strategy = [class org.apache.kafka.clients.consumer.RangeAssignor, class org.apache.kafka.clients.consumer.CooperativeStickyAssignor]
	receive.buffer.bytes = 65536
	reconnect.backoff.max.ms = 1000
	reconnect.backoff.ms = 50
	request.timeout.ms = 30000
	retry.backoff.ms = 100
	sasl.client.callback.handler.class = null
	sasl.jaas.config = null
	sasl.kerberos.kinit.cmd = /usr/bin/kinit
	sasl.kerberos.min.time.before.relogin = 60000
	sasl.kerberos.service.name = null
	sasl.kerberos.ticket.renew.jitter = 0.05
	sasl.kerberos.ticket.renew.window.factor = 0.8
	sasl.login.callback.handler.class = null
	sasl.login.class = null
	sasl.login.refresh.buffer.seconds = 300
	sasl.login.refresh.min.period.seconds = 60
	sasl.login.refresh.window.factor = 0.8
	sasl.login.refresh.window.jitter = 0.05
	sasl.mechanism = GSSAPI
	security.protocol = PLAINTEXT
	security.providers = null
	send.buffer.bytes = 131072
	session.timeout.ms = 45000
	socket.connection.setup.timeout.max.ms = 30000
	socket.connection.setup.timeout.ms = 10000
	ssl.cipher.suites = null
	ssl.enabled.protocols = [TLSv1.2]
	ssl.endpoint.identification.algorithm = https
	ssl.engine.factory.class = null
	ssl.key.password = null
	ssl.keymanager.algorithm = SunX509
	ssl.keystore.certificate.chain = null
	ssl.keystore.key = null
	ssl.keystore.location = null
	ssl.keystore.password = null
	ssl.keystore.type = JKS
	ssl.protocol = TLSv1.2
	ssl.provider = null
	ssl.secure.random.implementation = null
	ssl.trustmanager.algorithm = PKIX
	ssl.truststore.certificates = null
	ssl.truststore.location = null
	ssl.truststore.password = null
	ssl.truststore.type = JKS
	value.deserializer = class org.apache.kafka.common.serialization.StringDeserializer

13:32:12.394 [main] INFO  o.a.k.c.u.AppInfoParser - [<init>,119] - Kafka version: 3.0.2
13:32:12.394 [main] INFO  o.a.k.c.u.AppInfoParser - [<init>,120] - Kafka commitId: 25b1aea02e37da14
13:32:12.394 [main] INFO  o.a.k.c.u.AppInfoParser - [<init>,121] - Kafka startTimeMs: 1706592732394
13:32:12.396 [main] INFO  o.a.k.c.c.KafkaConsumer - [subscribe,966] - [Consumer clientId=consumer-listenerGroup1-1, groupId=listenerGroup1] Subscribed to topic(s): topic1
13:32:12.409 [main] INFO  o.a.c.h.Http11NioProtocol - [log,173] - Starting ProtocolHandler ["http-nio-8080"]
13:32:12.429 [listener1-0-C-1] INFO  o.a.k.c.Metadata - [updateLatestMetadata,401] - [Consumer clientId=consumer-listenerGroup1-1, groupId=listenerGroup1] Resetting the last seen epoch of partition topic1-0 to 0 since the associated topicId changed from null to FZi6vKpKSP6viTcxVVHJlQ
13:32:12.430 [listener1-0-C-1] INFO  o.a.k.c.Metadata - [updateLatestMetadata,401] - [Consumer clientId=consumer-listenerGroup1-1, groupId=listenerGroup1] Resetting the last seen epoch of partition topic1-2 to 0 since the associated topicId changed from null to FZi6vKpKSP6viTcxVVHJlQ
13:32:12.430 [listener1-0-C-1] INFO  o.a.k.c.Metadata - [updateLatestMetadata,401] - [Consumer clientId=consumer-listenerGroup1-1, groupId=listenerGroup1] Resetting the last seen epoch of partition topic1-1 to 0 since the associated topicId changed from null to FZi6vKpKSP6viTcxVVHJlQ
13:32:12.430 [listener1-0-C-1] INFO  o.a.k.c.Metadata - [update,287] - [Consumer clientId=consumer-listenerGroup1-1, groupId=listenerGroup1] Cluster ID: z2qUo6dsSXKfdhA6Ymt6Hw
13:32:12.431 [listener1-0-C-1] INFO  o.a.k.c.c.i.ConsumerCoordinator - [onSuccess,849] - [Consumer clientId=consumer-listenerGroup1-1, groupId=listenerGroup1] Discovered group coordinator 172.16.17.112:9095 (id: 2147483645 rack: null)
13:32:12.433 [main] INFO  o.j.k.KafkaAckApplication - [logStarted,61] - Started KafkaAckApplication in 2.12 seconds (JVM running for 3.31)
13:32:12.434 [listener1-0-C-1] INFO  o.a.k.c.c.i.ConsumerCoordinator - [sendJoinGroupRequest,535] - [Consumer clientId=consumer-listenerGroup1-1, groupId=listenerGroup1] (Re-)joining group
13:32:12.449 [listener1-0-C-1] INFO  o.a.k.c.c.i.ConsumerCoordinator - [requestRejoin,988] - [Consumer clientId=consumer-listenerGroup1-1, groupId=listenerGroup1] Request joining group due to: need to re-join with the given member-id
13:32:12.449 [listener1-0-C-1] INFO  o.a.k.c.c.i.ConsumerCoordinator - [sendJoinGroupRequest,535] - [Consumer clientId=consumer-listenerGroup1-1, groupId=listenerGroup1] (Re-)joining group
13:32:15.455 [listener1-0-C-1] INFO  o.a.k.c.c.i.ConsumerCoordinator - [handle,591] - [Consumer clientId=consumer-listenerGroup1-1, groupId=listenerGroup1] Successfully joined group with generation Generation{generationId=7, memberId='consumer-listenerGroup1-1-29df735d-e8d2-4a6a-9a01-9975340abe28', protocol='range'}
13:32:15.459 [listener1-0-C-1] INFO  o.a.k.c.c.i.ConsumerCoordinator - [performAssignment,652] - [Consumer clientId=consumer-listenerGroup1-1, groupId=listenerGroup1] Finished assignment for group at generation 7: {consumer-listenerGroup1-1-29df735d-e8d2-4a6a-9a01-9975340abe28=Assignment(partitions=[topic1-0, topic1-1, topic1-2])}
13:32:15.471 [listener1-0-C-1] INFO  o.a.k.c.c.i.ConsumerCoordinator - [handle,757] - [Consumer clientId=consumer-listenerGroup1-1, groupId=listenerGroup1] Successfully synced group in generation Generation{generationId=7, memberId='consumer-listenerGroup1-1-29df735d-e8d2-4a6a-9a01-9975340abe28', protocol='range'}
13:32:15.472 [listener1-0-C-1] INFO  o.a.k.c.c.i.ConsumerCoordinator - [invokeOnAssignment,279] - [Consumer clientId=consumer-listenerGroup1-1, groupId=listenerGroup1] Notifying assignor about the new Assignment(partitions=[topic1-0, topic1-1, topic1-2])
13:32:15.478 [listener1-0-C-1] INFO  o.a.k.c.c.i.ConsumerCoordinator - [invokePartitionsAssigned,291] - [Consumer clientId=consumer-listenerGroup1-1, groupId=listenerGroup1] Adding newly assigned partitions: topic1-1, topic1-0, topic1-2
13:32:15.498 [listener1-0-C-1] INFO  o.a.k.c.c.i.ConsumerCoordinator - [refreshCommittedOffsetsIfNeeded,844] - [Consumer clientId=consumer-listenerGroup1-1, groupId=listenerGroup1] Setting offset for partition topic1-1 to the committed offset FetchPosition{offset=3, offsetEpoch=Optional.empty, currentLeader=LeaderAndEpoch{leader=Optional[172.16.17.112:9095 (id: 2 rack: null)], epoch=0}}
13:32:15.498 [listener1-0-C-1] INFO  o.a.k.c.c.i.ConsumerCoordinator - [refreshCommittedOffsetsIfNeeded,844] - [Consumer clientId=consumer-listenerGroup1-1, groupId=listenerGroup1] Setting offset for partition topic1-0 to the committed offset FetchPosition{offset=1, offsetEpoch=Optional.empty, currentLeader=LeaderAndEpoch{leader=Optional[172.16.17.112:9094 (id: 1 rack: null)], epoch=0}}
13:32:15.498 [listener1-0-C-1] INFO  o.a.k.c.c.i.ConsumerCoordinator - [refreshCommittedOffsetsIfNeeded,844] - [Consumer clientId=consumer-listenerGroup1-1, groupId=listenerGroup1] Setting offset for partition topic1-2 to the committed offset FetchPosition{offset=1, offsetEpoch=Optional.empty, currentLeader=LeaderAndEpoch{leader=Optional[172.16.17.112:9093 (id: 0 rack: null)], epoch=0}}
13:32:25.265 [http-nio-8080-exec-5] INFO  o.a.c.c.C.[.[.[/] - [log,173] - Initializing Spring DispatcherServlet 'dispatcherServlet'
13:32:25.311 [http-nio-8080-exec-5] INFO  o.a.k.c.p.ProducerConfig - [logAll,376] - ProducerConfig values: 
	acks = -1
	batch.size = 16384
	bootstrap.servers = [172.16.17.112:9093]
	buffer.memory = 33554432
	client.dns.lookup = use_all_dns_ips
	client.id = producer-1
	compression.type = none
	connections.max.idle.ms = 540000
	delivery.timeout.ms = 120000
	enable.idempotence = true
	interceptor.classes = []
	key.serializer = class org.apache.kafka.common.serialization.StringSerializer
	linger.ms = 0
	max.block.ms = 60000
	max.in.flight.requests.per.connection = 5
	max.request.size = 1048576
	metadata.max.age.ms = 300000
	metadata.max.idle.ms = 300000
	metric.reporters = []
	metrics.num.samples = 2
	metrics.recording.level = INFO
	metrics.sample.window.ms = 30000
	partitioner.class = class org.apache.kafka.clients.producer.internals.DefaultPartitioner
	receive.buffer.bytes = 32768
	reconnect.backoff.max.ms = 1000
	reconnect.backoff.ms = 50
	request.timeout.ms = 30000
	retries = 2147483647
	retry.backoff.ms = 100
	sasl.client.callback.handler.class = null
	sasl.jaas.config = null
	sasl.kerberos.kinit.cmd = /usr/bin/kinit
	sasl.kerberos.min.time.before.relogin = 60000
	sasl.kerberos.service.name = null
	sasl.kerberos.ticket.renew.jitter = 0.05
	sasl.kerberos.ticket.renew.window.factor = 0.8
	sasl.login.callback.handler.class = null
	sasl.login.class = null
	sasl.login.refresh.buffer.seconds = 300
	sasl.login.refresh.min.period.seconds = 60
	sasl.login.refresh.window.factor = 0.8
	sasl.login.refresh.window.jitter = 0.05
	sasl.mechanism = GSSAPI
	security.protocol = PLAINTEXT
	security.providers = null
	send.buffer.bytes = 131072
	socket.connection.setup.timeout.max.ms = 30000
	socket.connection.setup.timeout.ms = 10000
	ssl.cipher.suites = null
	ssl.enabled.protocols = [TLSv1.2]
	ssl.endpoint.identification.algorithm = https
	ssl.engine.factory.class = null
	ssl.key.password = null
	ssl.keymanager.algorithm = SunX509
	ssl.keystore.certificate.chain = null
	ssl.keystore.key = null
	ssl.keystore.location = null
	ssl.keystore.password = null
	ssl.keystore.type = JKS
	ssl.protocol = TLSv1.2
	ssl.provider = null
	ssl.secure.random.implementation = null
	ssl.trustmanager.algorithm = PKIX
	ssl.truststore.certificates = null
	ssl.truststore.location = null
	ssl.truststore.password = null
	ssl.truststore.type = JKS
	transaction.timeout.ms = 60000
	transactional.id = null
	value.serializer = class org.apache.kafka.common.serialization.StringSerializer

13:32:25.317 [http-nio-8080-exec-5] INFO  o.a.k.c.p.KafkaProducer - [configureTransactionState,532] - [Producer clientId=producer-1] Instantiated an idempotent producer.
13:32:25.343 [http-nio-8080-exec-5] INFO  o.a.k.c.u.AppInfoParser - [<init>,119] - Kafka version: 3.0.2
13:32:25.344 [http-nio-8080-exec-5] INFO  o.a.k.c.u.AppInfoParser - [<init>,120] - Kafka commitId: 25b1aea02e37da14
13:32:25.344 [http-nio-8080-exec-5] INFO  o.a.k.c.u.AppInfoParser - [<init>,121] - Kafka startTimeMs: 1706592745343
13:32:25.352 [kafka-producer-network-thread | producer-1] INFO  o.a.k.c.Metadata - [updateLatestMetadata,401] - [Producer clientId=producer-1] Resetting the last seen epoch of partition topic1-0 to 0 since the associated topicId changed from null to FZi6vKpKSP6viTcxVVHJlQ
13:32:25.352 [kafka-producer-network-thread | producer-1] INFO  o.a.k.c.Metadata - [updateLatestMetadata,401] - [Producer clientId=producer-1] Resetting the last seen epoch of partition topic1-2 to 0 since the associated topicId changed from null to FZi6vKpKSP6viTcxVVHJlQ
13:32:25.352 [kafka-producer-network-thread | producer-1] INFO  o.a.k.c.Metadata - [updateLatestMetadata,401] - [Producer clientId=producer-1] Resetting the last seen epoch of partition topic1-1 to 0 since the associated topicId changed from null to FZi6vKpKSP6viTcxVVHJlQ
13:32:25.352 [kafka-producer-network-thread | producer-1] INFO  o.a.k.c.Metadata - [update,287] - [Producer clientId=producer-1] Cluster ID: z2qUo6dsSXKfdhA6Ymt6Hw
13:32:25.353 [kafka-producer-network-thread | producer-1] INFO  o.a.k.c.p.i.TransactionManager - [setProducerIdAndEpoch,548] - [Producer clientId=producer-1] ProducerId set to 2 with epoch 0
13:32:25.381 [http-nio-8080-exec-5] INFO  o.j.k.c.MsgController - [sendMsg,25] - msgSend :SendResult [producerRecord=ProducerRecord(topic=topic1, partition=null, headers=RecordHeaders(headers = [], isReadOnly = true), key=null, value=msg3, timestamp=null), recordMetadata=topic1-2@1]
13:36:22.327 [listener1-0-C-1] INFO  o.a.k.c.c.i.ConsumerCoordinator - [invokePartitionsRevoked,310] - [Consumer clientId=consumer-listenerGroup1-1, groupId=listenerGroup1] Revoke previously assigned partitions topic1-1, topic1-0, topic1-2
13:36:22.328 [listener1-0-C-1] INFO  o.a.k.c.c.i.ConsumerCoordinator - [maybeLeaveGroup,1048] - [Consumer clientId=consumer-listenerGroup1-1, groupId=listenerGroup1] Member consumer-listenerGroup1-1-29df735d-e8d2-4a6a-9a01-9975340abe28 sending LeaveGroup request to coordinator 172.16.17.112:9095 (id: 2147483645 rack: null) due to the consumer unsubscribed from all topics
13:36:22.329 [listener1-0-C-1] INFO  o.a.k.c.c.i.ConsumerCoordinator - [resetStateAndGeneration,966] - [Consumer clientId=consumer-listenerGroup1-1, groupId=listenerGroup1] Resetting generation due to: consumer pro-actively leaving the group
13:36:22.329 [listener1-0-C-1] INFO  o.a.k.c.c.i.ConsumerCoordinator - [requestRejoin,988] - [Consumer clientId=consumer-listenerGroup1-1, groupId=listenerGroup1] Request joining group due to: consumer pro-actively leaving the group
13:36:22.329 [listener1-0-C-1] INFO  o.a.k.c.c.KafkaConsumer - [unsubscribe,1075] - [Consumer clientId=consumer-listenerGroup1-1, groupId=listenerGroup1] Unsubscribed all topics or patterns and assigned partitions
13:36:22.330 [listener1-0-C-1] INFO  o.a.k.c.c.i.ConsumerCoordinator - [resetStateAndGeneration,966] - [Consumer clientId=consumer-listenerGroup1-1, groupId=listenerGroup1] Resetting generation due to: consumer pro-actively leaving the group
13:36:22.330 [listener1-0-C-1] INFO  o.a.k.c.c.i.ConsumerCoordinator - [requestRejoin,988] - [Consumer clientId=consumer-listenerGroup1-1, groupId=listenerGroup1] Request joining group due to: consumer pro-actively leaving the group
13:36:22.334 [listener1-0-C-1] INFO  o.a.k.c.m.Metrics - [close,659] - Metrics scheduler closed
13:36:22.335 [listener1-0-C-1] INFO  o.a.k.c.m.Metrics - [close,663] - Closing reporter org.apache.kafka.common.metrics.JmxReporter
13:36:22.335 [listener1-0-C-1] INFO  o.a.k.c.m.Metrics - [close,669] - Metrics reporters closed
13:36:22.337 [listener1-0-C-1] INFO  o.a.k.c.u.AppInfoParser - [unregisterAppInfo,83] - App info kafka.consumer for consumer-listenerGroup1-1 unregistered
13:36:22.339 [Curator-Framework-0] INFO  o.a.c.f.i.CuratorFrameworkImpl - [backgroundOperationsLoop,998] - backgroundOperationsLoop exiting
13:36:22.461 [main-EventThread] INFO  o.a.z.ClientCnxn - [run,568] - EventThread shut down for session: 0x10000ced8800007
13:36:22.461 [SpringApplicationShutdownHook] INFO  o.a.z.ZooKeeper - [close,1232] - Session: 0x10000ced8800007 closed
13:36:22.462 [SpringApplicationShutdownHook] INFO  o.a.k.c.p.KafkaProducer - [close,1189] - [Producer clientId=producer-1] Closing the Kafka producer with timeoutMillis = 30000 ms.
13:36:22.463 [SpringApplicationShutdownHook] INFO  o.a.k.c.m.Metrics - [close,659] - Metrics scheduler closed
13:36:22.463 [SpringApplicationShutdownHook] INFO  o.a.k.c.m.Metrics - [close,663] - Closing reporter org.apache.kafka.common.metrics.JmxReporter
13:36:22.463 [SpringApplicationShutdownHook] INFO  o.a.k.c.m.Metrics - [close,669] - Metrics reporters closed
13:36:22.464 [SpringApplicationShutdownHook] INFO  o.a.k.c.u.AppInfoParser - [unregisterAppInfo,83] - App info kafka.producer for producer-1 unregistered
13:36:29.702 [main] INFO  o.j.k.KafkaAckApplication - [logStarting,55] - Starting KafkaAckApplication using Java 1.8.0_231 on ZHNX41376 with PID 3160 (D:\code\java_study\kafka_ack\target\classes started by Administrator in D:\code\java_study\kafka_ack)
13:36:29.704 [main] INFO  o.j.k.KafkaAckApplication - [logStartupProfileInfo,645] - No active profile set, falling back to 1 default profile: "default"
13:36:30.322 [main] INFO  o.a.c.h.Http11NioProtocol - [log,173] - Initializing ProtocolHandler ["http-nio-8080"]
13:36:30.322 [main] INFO  o.a.c.c.StandardService - [log,173] - Starting service [Tomcat]
13:36:30.322 [main] INFO  o.a.c.c.StandardEngine - [log,173] - Starting Servlet engine: [Apache Tomcat/9.0.68]
13:36:30.413 [main] INFO  o.a.c.c.C.[.[.[/] - [log,173] - Initializing Spring embedded WebApplicationContext
13:36:30.536 [main] INFO  o.a.c.f.i.CuratorFrameworkImpl - [start,338] - Starting
13:36:30.540 [main] INFO  o.a.z.ZooKeeper - [logEnv,98] - Client environment:zookeeper.version=3.8.0-5a02a05eddb59aee6ac762f7ea82e92a68eb9c0f, built on 2022-02-25 08:49 UTC
13:36:30.541 [main] INFO  o.a.z.ZooKeeper - [logEnv,98] - Client environment:host.name=ZHNX41376
13:36:30.541 [main] INFO  o.a.z.ZooKeeper - [logEnv,98] - Client environment:java.version=1.8.0_231
13:36:30.541 [main] INFO  o.a.z.ZooKeeper - [logEnv,98] - Client environment:java.vendor=Oracle Corporation
13:36:30.541 [main] INFO  o.a.z.ZooKeeper - [logEnv,98] - Client environment:java.home=C:\dev\jdk\jdk1.8.0_231\jre
13:36:30.541 [main] INFO  o.a.z.ZooKeeper - [logEnv,98] - Client environment:java.class.path=C:\dev\jdk\jdk1.8.0_231\jre\lib\charsets.jar;C:\dev\jdk\jdk1.8.0_231\jre\lib\deploy.jar;C:\dev\jdk\jdk1.8.0_231\jre\lib\ext\access-bridge-64.jar;C:\dev\jdk\jdk1.8.0_231\jre\lib\ext\cldrdata.jar;C:\dev\jdk\jdk1.8.0_231\jre\lib\ext\dnsns.jar;C:\dev\jdk\jdk1.8.0_231\jre\lib\ext\jaccess.jar;C:\dev\jdk\jdk1.8.0_231\jre\lib\ext\jfxrt.jar;C:\dev\jdk\jdk1.8.0_231\jre\lib\ext\localedata.jar;C:\dev\jdk\jdk1.8.0_231\jre\lib\ext\nashorn.jar;C:\dev\jdk\jdk1.8.0_231\jre\lib\ext\sunec.jar;C:\dev\jdk\jdk1.8.0_231\jre\lib\ext\sunjce_provider.jar;C:\dev\jdk\jdk1.8.0_231\jre\lib\ext\sunmscapi.jar;C:\dev\jdk\jdk1.8.0_231\jre\lib\ext\sunpkcs11.jar;C:\dev\jdk\jdk1.8.0_231\jre\lib\ext\zipfs.jar;C:\dev\jdk\jdk1.8.0_231\jre\lib\javaws.jar;C:\dev\jdk\jdk1.8.0_231\jre\lib\jce.jar;C:\dev\jdk\jdk1.8.0_231\jre\lib\jfr.jar;C:\dev\jdk\jdk1.8.0_231\jre\lib\jfxswt.jar;C:\dev\jdk\jdk1.8.0_231\jre\lib\jsse.jar;C:\dev\jdk\jdk1.8.0_231\jre\lib\management-agent.jar;C:\dev\jdk\jdk1.8.0_231\jre\lib\plugin.jar;C:\dev\jdk\jdk1.8.0_231\jre\lib\resources.jar;C:\dev\jdk\jdk1.8.0_231\jre\lib\rt.jar;D:\code\java_study\kafka_ack\target\classes;C:\dev\maven\maven_company_repository\org\springframework\boot\spring-boot-starter-web\2.6.13\spring-boot-starter-web-2.6.13.jar;C:\dev\maven\maven_company_repository\org\springframework\boot\spring-boot-starter\2.6.13\spring-boot-starter-2.6.13.jar;C:\dev\maven\maven_company_repository\org\springframework\boot\spring-boot\2.6.13\spring-boot-2.6.13.jar;C:\dev\maven\maven_company_repository\org\springframework\boot\spring-boot-autoconfigure\2.6.13\spring-boot-autoconfigure-2.6.13.jar;C:\dev\maven\maven_company_repository\org\springframework\boot\spring-boot-starter-logging\2.6.13\spring-boot-starter-logging-2.6.13.jar;C:\dev\maven\maven_company_repository\org\apache\logging\log4j\log4j-to-slf4j\2.17.2\log4j-to-slf4j-2.17.2.jar;C:\dev\maven\maven_company_repository\org\apache\logging\log4j\log4j-api\2.17.2\log4j-api-2.17.2.jar;C:\dev\maven\maven_company_repository\org\slf4j\jul-to-slf4j\1.7.36\jul-to-slf4j-1.7.36.jar;C:\dev\maven\maven_company_repository\jakarta\annotation\jakarta.annotation-api\1.3.5\jakarta.annotation-api-1.3.5.jar;C:\dev\maven\maven_company_repository\org\yaml\snakeyaml\1.29\snakeyaml-1.29.jar;C:\dev\maven\maven_company_repository\org\springframework\boot\spring-boot-starter-json\2.6.13\spring-boot-starter-json-2.6.13.jar;C:\dev\maven\maven_company_repository\com\fasterxml\jackson\core\jackson-databind\2.13.4.2\jackson-databind-2.13.4.2.jar;C:\dev\maven\maven_company_repository\com\fasterxml\jackson\core\jackson-annotations\2.13.4\jackson-annotations-2.13.4.jar;C:\dev\maven\maven_company_repository\com\fasterxml\jackson\core\jackson-core\2.13.4\jackson-core-2.13.4.jar;C:\dev\maven\maven_company_repository\com\fasterxml\jackson\datatype\jackson-datatype-jdk8\2.13.4\jackson-datatype-jdk8-2.13.4.jar;C:\dev\maven\maven_company_repository\com\fasterxml\jackson\datatype\jackson-datatype-jsr310\2.13.4\jackson-datatype-jsr310-2.13.4.jar;C:\dev\maven\maven_company_repository\com\fasterxml\jackson\module\jackson-module-parameter-names\2.13.4\jackson-module-parameter-names-2.13.4.jar;C:\dev\maven\maven_company_repository\org\springframework\boot\spring-boot-starter-tomcat\2.6.13\spring-boot-starter-tomcat-2.6.13.jar;C:\dev\maven\maven_company_repository\org\apache\tomcat\embed\tomcat-embed-core\9.0.68\tomcat-embed-core-9.0.68.jar;C:\dev\maven\maven_company_repository\org\apache\tomcat\embed\tomcat-embed-el\9.0.68\tomcat-embed-el-9.0.68.jar;C:\dev\maven\maven_company_repository\org\apache\tomcat\embed\tomcat-embed-websocket\9.0.68\tomcat-embed-websocket-9.0.68.jar;C:\dev\maven\maven_company_repository\org\springframework\spring-web\5.3.23\spring-web-5.3.23.jar;C:\dev\maven\maven_company_repository\org\springframework\spring-beans\5.3.23\spring-beans-5.3.23.jar;C:\dev\maven\maven_company_repository\org\springframework\spring-webmvc\5.3.23\spring-webmvc-5.3.23.jar;C:\dev\maven\maven_company_repository\org\springframework\spring-aop\5.3.23\spring-aop-5.3.23.jar;C:\dev\maven\maven_company_repository\org\springframework\spring-expression\5.3.23\spring-expression-5.3.23.jar;C:\dev\maven\maven_company_repository\org\springframework\kafka\spring-kafka\2.8.10\spring-kafka-2.8.10.jar;C:\dev\maven\maven_company_repository\org\springframework\spring-context\5.3.23\spring-context-5.3.23.jar;C:\dev\maven\maven_company_repository\org\springframework\spring-messaging\5.3.23\spring-messaging-5.3.23.jar;C:\dev\maven\maven_company_repository\org\springframework\spring-tx\5.3.23\spring-tx-5.3.23.jar;C:\dev\maven\maven_company_repository\org\springframework\retry\spring-retry\1.3.4\spring-retry-1.3.4.jar;C:\dev\maven\maven_company_repository\org\apache\kafka\kafka-clients\3.0.2\kafka-clients-3.0.2.jar;C:\dev\maven\maven_company_repository\com\github\luben\zstd-jni\1.5.0-2\zstd-jni-1.5.0-2.jar;C:\dev\maven\maven_company_repository\org\lz4\lz4-java\1.7.1\lz4-java-1.7.1.jar;C:\dev\maven\maven_company_repository\org\xerial\snappy\snappy-java\1.1.8.1\snappy-java-1.1.8.1.jar;C:\dev\maven\maven_company_repository\com\google\code\findbugs\jsr305\3.0.2\jsr305-3.0.2.jar;C:\dev\maven\maven_company_repository\com\alibaba\fastjson2\fastjson2-extension-spring5\2.0.39\fastjson2-extension-spring5-2.0.39.jar;C:\dev\maven\maven_company_repository\com\alibaba\fastjson2\fastjson2-extension\2.0.39\fastjson2-extension-2.0.39.jar;C:\dev\maven\maven_company_repository\com\alibaba\fastjson2\fastjson2\2.0.39\fastjson2-2.0.39.jar;C:\dev\maven\maven_company_repository\org\apache\curator\curator-framework\5.2.1\curator-framework-5.2.1.jar;C:\dev\maven\maven_company_repository\org\apache\curator\curator-client\5.2.1\curator-client-5.2.1.jar;C:\dev\maven\maven_company_repository\com\google\guava\guava\27.0.1-jre\guava-27.0.1-jre.jar;C:\dev\maven\maven_company_repository\com\google\guava\failureaccess\1.0.1\failureaccess-1.0.1.jar;C:\dev\maven\maven_company_repository\com\google\guava\listenablefuture\9999.0-empty-to-avoid-conflict-with-guava\listenablefuture-9999.0-empty-to-avoid-conflict-with-guava.jar;C:\dev\maven\maven_company_repository\org\checkerframework\checker-qual\2.5.2\checker-qual-2.5.2.jar;C:\dev\maven\maven_company_repository\com\google\errorprone\error_prone_annotations\2.2.0\error_prone_annotations-2.2.0.jar;C:\dev\maven\maven_company_repository\com\google\j2objc\j2objc-annotations\1.1\j2objc-annotations-1.1.jar;C:\dev\maven\maven_company_repository\org\codehaus\mojo\animal-sniffer-annotations\1.17\animal-sniffer-annotations-1.17.jar;C:\dev\maven\maven_company_repository\org\apache\curator\curator-recipes\5.2.1\curator-recipes-5.2.1.jar;C:\dev\maven\maven_company_repository\org\apache\zookeeper\zookeeper\3.8.0\zookeeper-3.8.0.jar;C:\dev\maven\maven_company_repository\org\apache\zookeeper\zookeeper-jute\3.8.0\zookeeper-jute-3.8.0.jar;C:\dev\maven\maven_company_repository\org\apache\yetus\audience-annotations\0.12.0\audience-annotations-0.12.0.jar;C:\dev\maven\maven_company_repository\io\netty\netty-handler\4.1.84.Final\netty-handler-4.1.84.Final.jar;C:\dev\maven\maven_company_repository\io\netty\netty-common\4.1.84.Final\netty-common-4.1.84.Final.jar;C:\dev\maven\maven_company_repository\io\netty\netty-resolver\4.1.84.Final\netty-resolver-4.1.84.Final.jar;C:\dev\maven\maven_company_repository\io\netty\netty-buffer\4.1.84.Final\netty-buffer-4.1.84.Final.jar;C:\dev\maven\maven_company_repository\io\netty\netty-transport\4.1.84.Final\netty-transport-4.1.84.Final.jar;C:\dev\maven\maven_company_repository\io\netty\netty-transport-native-unix-common\4.1.84.Final\netty-transport-native-unix-common-4.1.84.Final.jar;C:\dev\maven\maven_company_repository\io\netty\netty-codec\4.1.84.Final\netty-codec-4.1.84.Final.jar;C:\dev\maven\maven_company_repository\io\netty\netty-tcnative\2.0.54.Final\netty-tcnative-2.0.54.Final.jar;C:\dev\maven\maven_company_repository\io\netty\netty-tcnative-classes\2.0.54.Final\netty-tcnative-classes-2.0.54.Final.jar;C:\dev\maven\maven_company_repository\io\netty\netty-transport-native-epoll\4.1.84.Final\netty-transport-native-epoll-4.1.84.Final.jar;C:\dev\maven\maven_company_repository\io\netty\netty-transport-classes-epoll\4.1.84.Final\netty-transport-classes-epoll-4.1.84.Final.jar;C:\dev\maven\maven_company_repository\org\slf4j\slf4j-api\1.7.36\slf4j-api-1.7.36.jar;C:\dev\maven\maven_company_repository\ch\qos\logback\logback-core\1.2.11\logback-core-1.2.11.jar;C:\dev\maven\maven_company_repository\ch\qos\logback\logback-classic\1.2.11\logback-classic-1.2.11.jar;C:\dev\maven\maven_company_repository\commons-io\commons-io\2.11.0\commons-io-2.11.0.jar;C:\dev\maven\maven_company_repository\org\projectlombok\lombok\1.18.24\lombok-1.18.24.jar;C:\dev\maven\maven_company_repository\org\springframework\spring-core\5.3.23\spring-core-5.3.23.jar;C:\dev\maven\maven_company_repository\org\springframework\spring-jcl\5.3.23\spring-jcl-5.3.23.jar;C:\dev\maven\maven_company_repository\org\springframework\boot\spring-boot-configuration-processor\2.6.13\spring-boot-configuration-processor-2.6.13.jar;D:\Program Files\JetBrains\IntelliJ IDEA 2023.2.5\lib\idea_rt.jar
13:36:30.543 [main] INFO  o.a.z.ZooKeeper - [logEnv,98] - Client environment:java.library.path=C:\dev\jdk\jdk1.8.0_231\bin;C:\Windows\Sun\Java\bin;C:\Windows\system32;C:\Windows;C:\Windows\system32;C:\Windows;C:\Windows\System32\Wbem;C:\Windows\System32\WindowsPowerShell\v1.0\;C:\Windows\System32\OpenSSH\;C:\dev\jdk\jdk1.8.0_231\bin;C:\dev\jdk\jdk1.8.0_231\jre\bin;C:\dev\maven\apache-maven-3.2.2\bin;D:\Program Files\Git\cmd;C:\Users\Administrator\AppData\Roaming\nvm;D:\Program Files\nodejs;C:\dev\groovy\groovy-4.0.15\bin;C:\dev\Go\bin;D:\ProgramData\anaconda3;D:\ProgramData\anaconda3\Scripts;D:\ProgramData\anaconda3\Library\mingw-w64\bin;D:\ProgramData\anaconda3\Library\usr\bin;D:\ProgramData\anaconda3\Library\bin;C:\Program Files (x86)\cmd;C:\dev\gcc\x86_64-13.2.0-release-win32-seh-ucrt-rt_v11-rev1\bin;;C:\Program Files\Docker\Docker\resources\bin;D:\Program Files (x86)\Tencent\微信web开发者工具\dll;C:\Users\Administrator\AppData\Local\Programs\Python\Python312\Scripts\;C:\Users\Administrator\AppData\Local\Programs\Python\Python312\;C:\Users\Administrator\AppData\Local\Microsoft\WindowsApps;D:\Program Files\JetBrains\IntelliJ IDEA 2023.2.5\bin;;C:\Users\Administrator\AppData\Local\Programs\Microsoft VS Code\bin;C:\Users\Administrator\AppData\Roaming\nvm;D:\Program Files\nodejs;.
13:36:30.544 [main] INFO  o.a.z.ZooKeeper - [logEnv,98] - Client environment:java.io.tmpdir=C:\Users\Administrator\AppData\Local\Temp\
13:36:30.544 [main] INFO  o.a.z.ZooKeeper - [logEnv,98] - Client environment:java.compiler=<NA>
13:36:30.544 [main] INFO  o.a.z.ZooKeeper - [logEnv,98] - Client environment:os.name=Windows 10
13:36:30.544 [main] INFO  o.a.z.ZooKeeper - [logEnv,98] - Client environment:os.arch=amd64
13:36:30.544 [main] INFO  o.a.z.ZooKeeper - [logEnv,98] - Client environment:os.version=10.0
13:36:30.544 [main] INFO  o.a.z.ZooKeeper - [logEnv,98] - Client environment:user.name=Administrator
13:36:30.544 [main] INFO  o.a.z.ZooKeeper - [logEnv,98] - Client environment:user.home=C:\Users\Administrator
13:36:30.544 [main] INFO  o.a.z.ZooKeeper - [logEnv,98] - Client environment:user.dir=D:\code\java_study\kafka_ack
13:36:30.544 [main] INFO  o.a.z.ZooKeeper - [logEnv,98] - Client environment:os.memory.free=185MB
13:36:30.544 [main] INFO  o.a.z.ZooKeeper - [logEnv,98] - Client environment:os.memory.max=3604MB
13:36:30.544 [main] INFO  o.a.z.ZooKeeper - [logEnv,98] - Client environment:os.memory.total=209MB
13:36:30.546 [main] INFO  o.a.z.ZooKeeper - [<init>,637] - Initiating client connection, connectString=172.16.17.112:2181 sessionTimeout=60000 watcher=org.apache.curator.ConnectionState@3a022576
13:36:30.548 [main] INFO  o.a.z.c.X509Util - [<clinit>,77] - Setting -D jdk.tls.rejectClientInitiatedRenegotiation=true to disable client-initiated TLS renegotiation
13:36:30.554 [main] INFO  o.a.z.ClientCnxnSocket - [initProperties,239] - jute.maxbuffer value is 1048575 Bytes
13:36:30.557 [main] INFO  o.a.z.ClientCnxn - [initRequestTimeout,1732] - zookeeper.request.timeout value is 0. feature enabled=false
13:36:30.561 [main-SendThread(172.16.17.112:2181)] INFO  o.a.z.ClientCnxn - [logStartConnect,1171] - Opening socket connection to server ZHNX41376/172.16.17.112:2181.
13:36:30.561 [main-SendThread(172.16.17.112:2181)] INFO  o.a.z.ClientCnxn - [logStartConnect,1173] - SASL config status: Will not attempt to authenticate using SASL (unknown error)
13:36:30.562 [main] INFO  o.a.c.f.i.CuratorFrameworkImpl - [start,386] - Default schema
13:36:30.562 [main-SendThread(172.16.17.112:2181)] INFO  o.a.z.ClientCnxn - [primeConnection,1005] - Socket connection established, initiating session, client: /172.16.17.112:54096, server: ZHNX41376/172.16.17.112:2181
13:36:30.570 [main-SendThread(172.16.17.112:2181)] INFO  o.a.z.ClientCnxn - [onConnected,1444] - Session establishment complete on server ZHNX41376/172.16.17.112:2181, session id = 0x10000ced8800008, negotiated timeout = 40000
13:36:30.574 [main-EventThread] INFO  o.a.c.f.s.ConnectionStateManager - [postState,252] - State change: CONNECTED
13:36:30.581 [main-EventThread] INFO  o.a.c.f.i.EnsembleTracker - [processConfigData,201] - New config event received: {}
13:36:30.581 [main-EventThread] INFO  o.a.c.f.i.EnsembleTracker - [processConfigData,201] - New config event received: {}
13:36:30.867 [main] INFO  o.a.k.c.a.AdminClientConfig - [logAll,376] - AdminClientConfig values: 
	bootstrap.servers = [172.16.17.112:9093]
	client.dns.lookup = use_all_dns_ips
	client.id = 
	connections.max.idle.ms = 300000
	default.api.timeout.ms = 60000
	metadata.max.age.ms = 300000
	metric.reporters = []
	metrics.num.samples = 2
	metrics.recording.level = INFO
	metrics.sample.window.ms = 30000
	receive.buffer.bytes = 65536
	reconnect.backoff.max.ms = 1000
	reconnect.backoff.ms = 50
	request.timeout.ms = 30000
	retries = 2147483647
	retry.backoff.ms = 100
	sasl.client.callback.handler.class = null
	sasl.jaas.config = null
	sasl.kerberos.kinit.cmd = /usr/bin/kinit
	sasl.kerberos.min.time.before.relogin = 60000
	sasl.kerberos.service.name = null
	sasl.kerberos.ticket.renew.jitter = 0.05
	sasl.kerberos.ticket.renew.window.factor = 0.8
	sasl.login.callback.handler.class = null
	sasl.login.class = null
	sasl.login.refresh.buffer.seconds = 300
	sasl.login.refresh.min.period.seconds = 60
	sasl.login.refresh.window.factor = 0.8
	sasl.login.refresh.window.jitter = 0.05
	sasl.mechanism = GSSAPI
	security.protocol = PLAINTEXT
	security.providers = null
	send.buffer.bytes = 131072
	socket.connection.setup.timeout.max.ms = 30000
	socket.connection.setup.timeout.ms = 10000
	ssl.cipher.suites = null
	ssl.enabled.protocols = [TLSv1.2]
	ssl.endpoint.identification.algorithm = https
	ssl.engine.factory.class = null
	ssl.key.password = null
	ssl.keymanager.algorithm = SunX509
	ssl.keystore.certificate.chain = null
	ssl.keystore.key = null
	ssl.keystore.location = null
	ssl.keystore.password = null
	ssl.keystore.type = JKS
	ssl.protocol = TLSv1.2
	ssl.provider = null
	ssl.secure.random.implementation = null
	ssl.trustmanager.algorithm = PKIX
	ssl.truststore.certificates = null
	ssl.truststore.location = null
	ssl.truststore.password = null
	ssl.truststore.type = JKS

13:36:30.893 [main] INFO  o.a.k.c.u.AppInfoParser - [<init>,119] - Kafka version: 3.0.2
13:36:30.893 [main] INFO  o.a.k.c.u.AppInfoParser - [<init>,120] - Kafka commitId: 25b1aea02e37da14
13:36:30.893 [main] INFO  o.a.k.c.u.AppInfoParser - [<init>,121] - Kafka startTimeMs: 1706592990892
13:36:31.081 [kafka-admin-client-thread | adminclient-1] INFO  o.a.k.c.u.AppInfoParser - [unregisterAppInfo,83] - App info kafka.admin.client for adminclient-1 unregistered
13:36:31.087 [kafka-admin-client-thread | adminclient-1] INFO  o.a.k.c.m.Metrics - [close,659] - Metrics scheduler closed
13:36:31.087 [kafka-admin-client-thread | adminclient-1] INFO  o.a.k.c.m.Metrics - [close,663] - Closing reporter org.apache.kafka.common.metrics.JmxReporter
13:36:31.087 [kafka-admin-client-thread | adminclient-1] INFO  o.a.k.c.m.Metrics - [close,669] - Metrics reporters closed
13:36:31.107 [main] INFO  o.a.k.c.c.ConsumerConfig - [logAll,376] - ConsumerConfig values: 
	allow.auto.create.topics = true
	auto.commit.interval.ms = 5000
	auto.offset.reset = latest
	bootstrap.servers = [172.16.17.112:9093]
	check.crcs = true
	client.dns.lookup = use_all_dns_ips
	client.id = consumer-listenerGroup1-1
	client.rack = 
	connections.max.idle.ms = 540000
	default.api.timeout.ms = 60000
	enable.auto.commit = false
	exclude.internal.topics = true
	fetch.max.bytes = 52428800
	fetch.max.wait.ms = 500
	fetch.min.bytes = 1
	group.id = listenerGroup1
	group.instance.id = null
	heartbeat.interval.ms = 3000
	interceptor.classes = []
	internal.leave.group.on.close = true
	internal.throw.on.fetch.stable.offset.unsupported = false
	isolation.level = read_uncommitted
	key.deserializer = class org.apache.kafka.common.serialization.StringDeserializer
	max.partition.fetch.bytes = 1048576
	max.poll.interval.ms = 300000
	max.poll.records = 500
	metadata.max.age.ms = 300000
	metric.reporters = []
	metrics.num.samples = 2
	metrics.recording.level = INFO
	metrics.sample.window.ms = 30000
	partition.assignment.strategy = [class org.apache.kafka.clients.consumer.RangeAssignor, class org.apache.kafka.clients.consumer.CooperativeStickyAssignor]
	receive.buffer.bytes = 65536
	reconnect.backoff.max.ms = 1000
	reconnect.backoff.ms = 50
	request.timeout.ms = 30000
	retry.backoff.ms = 100
	sasl.client.callback.handler.class = null
	sasl.jaas.config = null
	sasl.kerberos.kinit.cmd = /usr/bin/kinit
	sasl.kerberos.min.time.before.relogin = 60000
	sasl.kerberos.service.name = null
	sasl.kerberos.ticket.renew.jitter = 0.05
	sasl.kerberos.ticket.renew.window.factor = 0.8
	sasl.login.callback.handler.class = null
	sasl.login.class = null
	sasl.login.refresh.buffer.seconds = 300
	sasl.login.refresh.min.period.seconds = 60
	sasl.login.refresh.window.factor = 0.8
	sasl.login.refresh.window.jitter = 0.05
	sasl.mechanism = GSSAPI
	security.protocol = PLAINTEXT
	security.providers = null
	send.buffer.bytes = 131072
	session.timeout.ms = 45000
	socket.connection.setup.timeout.max.ms = 30000
	socket.connection.setup.timeout.ms = 10000
	ssl.cipher.suites = null
	ssl.enabled.protocols = [TLSv1.2]
	ssl.endpoint.identification.algorithm = https
	ssl.engine.factory.class = null
	ssl.key.password = null
	ssl.keymanager.algorithm = SunX509
	ssl.keystore.certificate.chain = null
	ssl.keystore.key = null
	ssl.keystore.location = null
	ssl.keystore.password = null
	ssl.keystore.type = JKS
	ssl.protocol = TLSv1.2
	ssl.provider = null
	ssl.secure.random.implementation = null
	ssl.trustmanager.algorithm = PKIX
	ssl.truststore.certificates = null
	ssl.truststore.location = null
	ssl.truststore.password = null
	ssl.truststore.type = JKS
	value.deserializer = class org.apache.kafka.common.serialization.StringDeserializer

13:36:31.134 [main] INFO  o.a.k.c.u.AppInfoParser - [<init>,119] - Kafka version: 3.0.2
13:36:31.135 [main] INFO  o.a.k.c.u.AppInfoParser - [<init>,120] - Kafka commitId: 25b1aea02e37da14
13:36:31.135 [main] INFO  o.a.k.c.u.AppInfoParser - [<init>,121] - Kafka startTimeMs: 1706592991134
13:36:31.136 [main] INFO  o.a.k.c.c.KafkaConsumer - [subscribe,966] - [Consumer clientId=consumer-listenerGroup1-1, groupId=listenerGroup1] Subscribed to topic(s): topic1
13:36:31.147 [main] INFO  o.a.c.h.Http11NioProtocol - [log,173] - Starting ProtocolHandler ["http-nio-8080"]
13:36:31.170 [listener1-0-C-1] INFO  o.a.k.c.Metadata - [updateLatestMetadata,401] - [Consumer clientId=consumer-listenerGroup1-1, groupId=listenerGroup1] Resetting the last seen epoch of partition topic1-0 to 0 since the associated topicId changed from null to FZi6vKpKSP6viTcxVVHJlQ
13:36:31.171 [listener1-0-C-1] INFO  o.a.k.c.Metadata - [updateLatestMetadata,401] - [Consumer clientId=consumer-listenerGroup1-1, groupId=listenerGroup1] Resetting the last seen epoch of partition topic1-2 to 0 since the associated topicId changed from null to FZi6vKpKSP6viTcxVVHJlQ
13:36:31.171 [listener1-0-C-1] INFO  o.a.k.c.Metadata - [updateLatestMetadata,401] - [Consumer clientId=consumer-listenerGroup1-1, groupId=listenerGroup1] Resetting the last seen epoch of partition topic1-1 to 0 since the associated topicId changed from null to FZi6vKpKSP6viTcxVVHJlQ
13:36:31.171 [main] INFO  o.j.k.KafkaAckApplication - [logStarted,61] - Started KafkaAckApplication in 1.74 seconds (JVM running for 2.64)
13:36:31.171 [listener1-0-C-1] INFO  o.a.k.c.Metadata - [update,287] - [Consumer clientId=consumer-listenerGroup1-1, groupId=listenerGroup1] Cluster ID: z2qUo6dsSXKfdhA6Ymt6Hw
13:36:31.172 [listener1-0-C-1] INFO  o.a.k.c.c.i.ConsumerCoordinator - [onSuccess,849] - [Consumer clientId=consumer-listenerGroup1-1, groupId=listenerGroup1] Discovered group coordinator 172.16.17.112:9095 (id: 2147483645 rack: null)
13:36:31.176 [listener1-0-C-1] INFO  o.a.k.c.c.i.ConsumerCoordinator - [sendJoinGroupRequest,535] - [Consumer clientId=consumer-listenerGroup1-1, groupId=listenerGroup1] (Re-)joining group
13:36:31.189 [listener1-0-C-1] INFO  o.a.k.c.c.i.ConsumerCoordinator - [requestRejoin,988] - [Consumer clientId=consumer-listenerGroup1-1, groupId=listenerGroup1] Request joining group due to: need to re-join with the given member-id
13:36:31.189 [listener1-0-C-1] INFO  o.a.k.c.c.i.ConsumerCoordinator - [sendJoinGroupRequest,535] - [Consumer clientId=consumer-listenerGroup1-1, groupId=listenerGroup1] (Re-)joining group
13:36:34.199 [listener1-0-C-1] INFO  o.a.k.c.c.i.ConsumerCoordinator - [handle,591] - [Consumer clientId=consumer-listenerGroup1-1, groupId=listenerGroup1] Successfully joined group with generation Generation{generationId=9, memberId='consumer-listenerGroup1-1-c346da26-8908-4111-8618-057b7ab3b8f8', protocol='range'}
13:36:34.206 [listener1-0-C-1] INFO  o.a.k.c.c.i.ConsumerCoordinator - [performAssignment,652] - [Consumer clientId=consumer-listenerGroup1-1, groupId=listenerGroup1] Finished assignment for group at generation 9: {consumer-listenerGroup1-1-c346da26-8908-4111-8618-057b7ab3b8f8=Assignment(partitions=[topic1-0, topic1-1, topic1-2])}
13:36:34.215 [listener1-0-C-1] INFO  o.a.k.c.c.i.ConsumerCoordinator - [handle,757] - [Consumer clientId=consumer-listenerGroup1-1, groupId=listenerGroup1] Successfully synced group in generation Generation{generationId=9, memberId='consumer-listenerGroup1-1-c346da26-8908-4111-8618-057b7ab3b8f8', protocol='range'}
13:36:34.215 [listener1-0-C-1] INFO  o.a.k.c.c.i.ConsumerCoordinator - [invokeOnAssignment,279] - [Consumer clientId=consumer-listenerGroup1-1, groupId=listenerGroup1] Notifying assignor about the new Assignment(partitions=[topic1-0, topic1-1, topic1-2])
13:36:34.218 [listener1-0-C-1] INFO  o.a.k.c.c.i.ConsumerCoordinator - [invokePartitionsAssigned,291] - [Consumer clientId=consumer-listenerGroup1-1, groupId=listenerGroup1] Adding newly assigned partitions: topic1-1, topic1-0, topic1-2
13:36:34.232 [listener1-0-C-1] INFO  o.a.k.c.c.i.ConsumerCoordinator - [refreshCommittedOffsetsIfNeeded,844] - [Consumer clientId=consumer-listenerGroup1-1, groupId=listenerGroup1] Setting offset for partition topic1-1 to the committed offset FetchPosition{offset=3, offsetEpoch=Optional.empty, currentLeader=LeaderAndEpoch{leader=Optional[172.16.17.112:9095 (id: 2 rack: null)], epoch=0}}
13:36:34.232 [listener1-0-C-1] INFO  o.a.k.c.c.i.ConsumerCoordinator - [refreshCommittedOffsetsIfNeeded,844] - [Consumer clientId=consumer-listenerGroup1-1, groupId=listenerGroup1] Setting offset for partition topic1-0 to the committed offset FetchPosition{offset=1, offsetEpoch=Optional.empty, currentLeader=LeaderAndEpoch{leader=Optional[172.16.17.112:9094 (id: 1 rack: null)], epoch=0}}
13:36:34.232 [listener1-0-C-1] INFO  o.a.k.c.c.i.ConsumerCoordinator - [refreshCommittedOffsetsIfNeeded,844] - [Consumer clientId=consumer-listenerGroup1-1, groupId=listenerGroup1] Setting offset for partition topic1-2 to the committed offset FetchPosition{offset=2, offsetEpoch=Optional.empty, currentLeader=LeaderAndEpoch{leader=Optional[172.16.17.112:9093 (id: 0 rack: null)], epoch=0}}
13:36:38.190 [http-nio-8080-exec-4] INFO  o.a.c.c.C.[.[.[/] - [log,173] - Initializing Spring DispatcherServlet 'dispatcherServlet'
13:36:38.231 [http-nio-8080-exec-4] INFO  o.a.k.c.p.ProducerConfig - [logAll,376] - ProducerConfig values: 
	acks = -1
	batch.size = 16384
	bootstrap.servers = [172.16.17.112:9093]
	buffer.memory = 33554432
	client.dns.lookup = use_all_dns_ips
	client.id = producer-1
	compression.type = none
	connections.max.idle.ms = 540000
	delivery.timeout.ms = 120000
	enable.idempotence = true
	interceptor.classes = []
	key.serializer = class org.apache.kafka.common.serialization.StringSerializer
	linger.ms = 0
	max.block.ms = 60000
	max.in.flight.requests.per.connection = 5
	max.request.size = 1048576
	metadata.max.age.ms = 300000
	metadata.max.idle.ms = 300000
	metric.reporters = []
	metrics.num.samples = 2
	metrics.recording.level = INFO
	metrics.sample.window.ms = 30000
	partitioner.class = class org.apache.kafka.clients.producer.internals.DefaultPartitioner
	receive.buffer.bytes = 32768
	reconnect.backoff.max.ms = 1000
	reconnect.backoff.ms = 50
	request.timeout.ms = 30000
	retries = 2147483647
	retry.backoff.ms = 100
	sasl.client.callback.handler.class = null
	sasl.jaas.config = null
	sasl.kerberos.kinit.cmd = /usr/bin/kinit
	sasl.kerberos.min.time.before.relogin = 60000
	sasl.kerberos.service.name = null
	sasl.kerberos.ticket.renew.jitter = 0.05
	sasl.kerberos.ticket.renew.window.factor = 0.8
	sasl.login.callback.handler.class = null
	sasl.login.class = null
	sasl.login.refresh.buffer.seconds = 300
	sasl.login.refresh.min.period.seconds = 60
	sasl.login.refresh.window.factor = 0.8
	sasl.login.refresh.window.jitter = 0.05
	sasl.mechanism = GSSAPI
	security.protocol = PLAINTEXT
	security.providers = null
	send.buffer.bytes = 131072
	socket.connection.setup.timeout.max.ms = 30000
	socket.connection.setup.timeout.ms = 10000
	ssl.cipher.suites = null
	ssl.enabled.protocols = [TLSv1.2]
	ssl.endpoint.identification.algorithm = https
	ssl.engine.factory.class = null
	ssl.key.password = null
	ssl.keymanager.algorithm = SunX509
	ssl.keystore.certificate.chain = null
	ssl.keystore.key = null
	ssl.keystore.location = null
	ssl.keystore.password = null
	ssl.keystore.type = JKS
	ssl.protocol = TLSv1.2
	ssl.provider = null
	ssl.secure.random.implementation = null
	ssl.trustmanager.algorithm = PKIX
	ssl.truststore.certificates = null
	ssl.truststore.location = null
	ssl.truststore.password = null
	ssl.truststore.type = JKS
	transaction.timeout.ms = 60000
	transactional.id = null
	value.serializer = class org.apache.kafka.common.serialization.StringSerializer

13:36:38.236 [http-nio-8080-exec-4] INFO  o.a.k.c.p.KafkaProducer - [configureTransactionState,532] - [Producer clientId=producer-1] Instantiated an idempotent producer.
13:36:38.247 [http-nio-8080-exec-4] INFO  o.a.k.c.u.AppInfoParser - [<init>,119] - Kafka version: 3.0.2
13:36:38.248 [http-nio-8080-exec-4] INFO  o.a.k.c.u.AppInfoParser - [<init>,120] - Kafka commitId: 25b1aea02e37da14
13:36:38.248 [http-nio-8080-exec-4] INFO  o.a.k.c.u.AppInfoParser - [<init>,121] - Kafka startTimeMs: 1706592998247
13:36:38.255 [kafka-producer-network-thread | producer-1] INFO  o.a.k.c.Metadata - [updateLatestMetadata,401] - [Producer clientId=producer-1] Resetting the last seen epoch of partition topic1-0 to 0 since the associated topicId changed from null to FZi6vKpKSP6viTcxVVHJlQ
13:36:38.256 [kafka-producer-network-thread | producer-1] INFO  o.a.k.c.Metadata - [updateLatestMetadata,401] - [Producer clientId=producer-1] Resetting the last seen epoch of partition topic1-2 to 0 since the associated topicId changed from null to FZi6vKpKSP6viTcxVVHJlQ
13:36:38.256 [kafka-producer-network-thread | producer-1] INFO  o.a.k.c.Metadata - [updateLatestMetadata,401] - [Producer clientId=producer-1] Resetting the last seen epoch of partition topic1-1 to 0 since the associated topicId changed from null to FZi6vKpKSP6viTcxVVHJlQ
13:36:38.257 [kafka-producer-network-thread | producer-1] INFO  o.a.k.c.Metadata - [update,287] - [Producer clientId=producer-1] Cluster ID: z2qUo6dsSXKfdhA6Ymt6Hw
13:36:38.259 [kafka-producer-network-thread | producer-1] INFO  o.a.k.c.p.i.TransactionManager - [setProducerIdAndEpoch,548] - [Producer clientId=producer-1] ProducerId set to 3 with epoch 0
13:36:38.286 [listener1-0-C-1] INFO  o.j.k.l.MsgListener - [lambda$listen$0,22] - 接收到消息: msg4
13:36:38.399 [http-nio-8080-exec-4] INFO  o.j.k.c.MsgController - [sendMsg,26] - SendResult :{"producerRecord":{},"recordMetadata":{}}
13:37:02.670 [listener1-0-C-1] INFO  o.a.k.c.c.i.ConsumerCoordinator - [invokePartitionsRevoked,310] - [Consumer clientId=consumer-listenerGroup1-1, groupId=listenerGroup1] Revoke previously assigned partitions topic1-1, topic1-0, topic1-2
13:37:02.671 [listener1-0-C-1] INFO  o.a.k.c.c.i.ConsumerCoordinator - [maybeLeaveGroup,1048] - [Consumer clientId=consumer-listenerGroup1-1, groupId=listenerGroup1] Member consumer-listenerGroup1-1-c346da26-8908-4111-8618-057b7ab3b8f8 sending LeaveGroup request to coordinator 172.16.17.112:9095 (id: 2147483645 rack: null) due to the consumer unsubscribed from all topics
13:37:02.672 [listener1-0-C-1] INFO  o.a.k.c.c.i.ConsumerCoordinator - [resetStateAndGeneration,966] - [Consumer clientId=consumer-listenerGroup1-1, groupId=listenerGroup1] Resetting generation due to: consumer pro-actively leaving the group
13:37:02.672 [listener1-0-C-1] INFO  o.a.k.c.c.i.ConsumerCoordinator - [requestRejoin,988] - [Consumer clientId=consumer-listenerGroup1-1, groupId=listenerGroup1] Request joining group due to: consumer pro-actively leaving the group
13:37:02.673 [listener1-0-C-1] INFO  o.a.k.c.c.KafkaConsumer - [unsubscribe,1075] - [Consumer clientId=consumer-listenerGroup1-1, groupId=listenerGroup1] Unsubscribed all topics or patterns and assigned partitions
13:37:02.673 [listener1-0-C-1] INFO  o.a.k.c.c.i.ConsumerCoordinator - [resetStateAndGeneration,966] - [Consumer clientId=consumer-listenerGroup1-1, groupId=listenerGroup1] Resetting generation due to: consumer pro-actively leaving the group
13:37:02.673 [listener1-0-C-1] INFO  o.a.k.c.c.i.ConsumerCoordinator - [requestRejoin,988] - [Consumer clientId=consumer-listenerGroup1-1, groupId=listenerGroup1] Request joining group due to: consumer pro-actively leaving the group
13:37:02.677 [listener1-0-C-1] INFO  o.a.k.c.m.Metrics - [close,659] - Metrics scheduler closed
13:37:02.678 [listener1-0-C-1] INFO  o.a.k.c.m.Metrics - [close,663] - Closing reporter org.apache.kafka.common.metrics.JmxReporter
13:37:02.678 [listener1-0-C-1] INFO  o.a.k.c.m.Metrics - [close,669] - Metrics reporters closed
13:37:02.680 [listener1-0-C-1] INFO  o.a.k.c.u.AppInfoParser - [unregisterAppInfo,83] - App info kafka.consumer for consumer-listenerGroup1-1 unregistered
13:37:02.682 [Curator-Framework-0] INFO  o.a.c.f.i.CuratorFrameworkImpl - [backgroundOperationsLoop,998] - backgroundOperationsLoop exiting
13:37:02.798 [main-EventThread] INFO  o.a.z.ClientCnxn - [run,568] - EventThread shut down for session: 0x10000ced8800008
13:37:02.798 [SpringApplicationShutdownHook] INFO  o.a.z.ZooKeeper - [close,1232] - Session: 0x10000ced8800008 closed
13:37:02.798 [SpringApplicationShutdownHook] INFO  o.a.k.c.p.KafkaProducer - [close,1189] - [Producer clientId=producer-1] Closing the Kafka producer with timeoutMillis = 30000 ms.
13:37:02.799 [SpringApplicationShutdownHook] INFO  o.a.k.c.m.Metrics - [close,659] - Metrics scheduler closed
13:37:02.800 [SpringApplicationShutdownHook] INFO  o.a.k.c.m.Metrics - [close,663] - Closing reporter org.apache.kafka.common.metrics.JmxReporter
13:37:02.800 [SpringApplicationShutdownHook] INFO  o.a.k.c.m.Metrics - [close,669] - Metrics reporters closed
13:37:02.800 [SpringApplicationShutdownHook] INFO  o.a.k.c.u.AppInfoParser - [unregisterAppInfo,83] - App info kafka.producer for producer-1 unregistered
